<?xml version="1.0" encoding="UTF-8" ?>
<testsuites disabled="0" errors="0" failures="0" tests="2" time="16.32">
 <testsuite name="automating login page" timestamp="2018-05-25T17:26:28" hostname="localhost" time="16.32" errors="0" tests="2" skipped="0" disabled="0" failures="0">
  <testcase classname="automating login page" name="non-angular page so ignore sync and active wait to load" time="11.312" />
  <testcase classname="automating login page" name="should login the user" time="5.006" />
 </testsuite>
</testsuites>